# JRE version: OpenJDK Runtime Environment (8.0_152-b01) (build 1.8.0_152-release-915-b01)
# Java VM: OpenJDK 64-Bit Server VM (25.152-b01 mixed mode windows-amd64 compressed oops)
Heap:
 PSYoungGen      total 439808K, used 328929K [0x00000000e0000000, 0x0000000100000000, 0x0000000100000000)
  eden space 362496K, 76% used [0x00000000e0000000,0x00000000f1053e38,0x00000000f6200000)
  from space 77312K, 64% used [0x00000000f6200000,0x00000000f92e4840,0x00000000fad80000)
  to   space 79872K, 0% used [0x00000000fb200000,0x00000000fb200000,0x0000000100000000)
 ParOldGen       total 360960K, used 216792K [0x00000000a0000000, 0x00000000b6080000, 0x00000000e0000000)
  object space 360960K, 60% used [0x00000000a0000000,0x00000000ad3b6130,0x00000000b6080000)
 Metaspace       used 90717K, capacity 99518K, committed 99840K, reserved 1136640K
  class space    used 11197K, capacity 12454K, committed 12544K, reserved 1048576K
GC Heap History (10 events):
Event: 21788.396 GC heap before
{Heap before GC invocations=118 (full 7):
 PSYoungGen      total 430080K, used 428333K [0x00000000e0000000, 0x0000000100000000, 0x0000000100000000)
  eden space 356352K, 100% used [0x00000000e0000000,0x00000000f5c00000,0x00000000f5c00000)
  from space 73728K, 97% used [0x00000000faf80000,0x00000000ff5cb6b8,0x00000000ff780000)
  to   space 83968K, 0% used [0x00000000f5c00000,0x00000000f5c00000,0x00000000fae00000)
 ParOldGen       total 360960K, used 198106K [0x00000000a0000000, 0x00000000b6080000, 0x00000000e0000000)
  object space 360960K, 54% used [0x00000000a0000000,0x00000000ac176b10,0x00000000b6080000)
 Metaspace       used 90402K, capacity 98950K, committed 99328K, reserved 1136640K
  class space    used 11157K, capacity 12414K, committed 12544K, reserved 1048576K
Event: 21788.411 GC heap after
Heap after GC invocations=118 (full 7):
 PSYoungGen      total 440320K, used 19631K [0x00000000e0000000, 0x0000000100000000, 0x0000000100000000)
  eden space 356352K, 0% used [0x00000000e0000000,0x00000000e0000000,0x00000000f5c00000)
  from space 83968K, 23% used [0x00000000f5c00000,0x00000000f6f2be18,0x00000000fae00000)
  to   space 82432K, 0% used [0x00000000faf80000,0x00000000faf80000,0x0000000100000000)
 ParOldGen       total 360960K, used 198357K [0x00000000a0000000, 0x00000000b6080000, 0x00000000e0000000)
  object space 360960K, 54% used [0x00000000a0000000,0x00000000ac1b5530,0x00000000b6080000)
 Metaspace       used 90402K, capacity 98950K, committed 99328K, reserved 1136640K
  class space    used 11157K, capacity 12414K, committed 12544K, reserved 1048576K
}
Event: 21834.544 GC heap before
{Heap before GC invocations=119 (full 7):
 PSYoungGen      total 440320K, used 375983K [0x00000000e0000000, 0x0000000100000000, 0x0000000100000000)
  eden space 356352K, 100% used [0x00000000e0000000,0x00000000f5c00000,0x00000000f5c00000)
  from space 83968K, 23% used [0x00000000f5c00000,0x00000000f6f2be18,0x00000000fae00000)
  to   space 82432K, 0% used [0x00000000faf80000,0x00000000faf80000,0x0000000100000000)
 ParOldGen       total 360960K, used 198357K [0x00000000a0000000, 0x00000000b6080000, 0x00000000e0000000)
  object space 360960K, 54% used [0x00000000a0000000,0x00000000ac1b5530,0x00000000b6080000)
 Metaspace       used 90502K, capacity 99190K, committed 99328K, reserved 1136640K
  class space    used 11172K, capacity 12430K, committed 12544K, reserved 1048576K
Event: 21834.557 GC heap after
Heap after GC invocations=119 (full 7):
 PSYoungGen      total 436736K, used 12976K [0x00000000e0000000, 0x00000000ffc80000, 0x0000000100000000)
  eden space 357888K, 0% used [0x00000000e0000000,0x00000000e0000000,0x00000000f5d80000)
  from space 78848K, 16% used [0x00000000faf80000,0x00000000fbc2c010,0x00000000ffc80000)
  to   space 81408K, 0% used [0x00000000f5d80000,0x00000000f5d80000,0x00000000fad00000)
 ParOldGen       total 360960K, used 198689K [0x00000000a0000000, 0x00000000b6080000, 0x00000000e0000000)
  object space 360960K, 55% used [0x00000000a0000000,0x00000000ac208540,0x00000000b6080000)
 Metaspace       used 90502K, capacity 99190K, committed 99328K, reserved 1136640K
  class space    used 11172K, capacity 12430K, committed 12544K, reserved 1048576K
}
Event: 22739.084 GC heap before
{Heap before GC invocations=120 (full 7):
 PSYoungGen      total 436736K, used 370864K [0x00000000e0000000, 0x00000000ffc80000, 0x0000000100000000)
  eden space 357888K, 100% used [0x00000000e0000000,0x00000000f5d80000,0x00000000f5d80000)
  from space 78848K, 16% used [0x00000000faf80000,0x00000000fbc2c010,0x00000000ffc80000)
  to   space 81408K, 0% used [0x00000000f5d80000,0x00000000f5d80000,0x00000000fad00000)
 ParOldGen       total 360960K, used 198689K [0x00000000a0000000, 0x00000000b6080000, 0x00000000e0000000)
  object space 360960K, 55% used [0x00000000a0000000,0x00000000ac208540,0x00000000b6080000)
 Metaspace       used 90670K, capacity 99430K, committed 99584K, reserved 1136640K
  class space    used 11189K, capacity 12446K, committed 12544K, reserved 1048576K
Event: 22739.115 GC heap after
Heap after GC invocations=120 (full 7):
 PSYoungGen      total 439296K, used 13328K [0x00000000e0000000, 0x0000000100000000, 0x0000000100000000)
  eden space 357888K, 0% used [0x00000000e0000000,0x00000000e0000000,0x00000000f5d80000)
  from space 81408K, 16% used [0x00000000f5d80000,0x00000000f6a84040,0x00000000fad00000)
  to   space 80384K, 0% used [0x00000000fb180000,0x00000000fb180000,0x0000000100000000)
 ParOldGen       total 360960K, used 199033K [0x00000000a0000000, 0x00000000b6080000, 0x00000000e0000000)
  object space 360960K, 55% used [0x00000000a0000000,0x00000000ac25e540,0x00000000b6080000)
 Metaspace       used 90670K, capacity 99430K, committed 99584K, reserved 1136640K
  class space    used 11189K, capacity 12446K, committed 12544K, reserved 1048576K
}
Event: 22746.447 GC heap before
{Heap before GC invocations=121 (full 7):
 PSYoungGen      total 439296K, used 371216K [0x00000000e0000000, 0x0000000100000000, 0x0000000100000000)
  eden space 357888K, 100% used [0x00000000e0000000,0x00000000f5d80000,0x00000000f5d80000)
  from space 81408K, 16% used [0x00000000f5d80000,0x00000000f6a84040,0x00000000fad00000)
  to   space 80384K, 0% used [0x00000000fb180000,0x00000000fb180000,0x0000000100000000)
 ParOldGen       total 360960K, used 199033K [0x00000000a0000000, 0x00000000b6080000, 0x00000000e0000000)
  object space 360960K, 55% used [0x00000000a0000000,0x00000000ac25e540,0x00000000b6080000)
 Metaspace       used 90673K, capacity 99430K, committed 99584K, reserved 1136640K
  class space    used 11189K, capacity 12446K, committed 12544K, reserved 1048576K
Event: 22746.498 GC heap after
Heap after GC invocations=121 (full 7):
 PSYoungGen      total 435712K, used 37058K [0x00000000e0000000, 0x00000000ff900000, 0x0000000100000000)
  eden space 362496K, 0% used [0x00000000e0000000,0x00000000e0000000,0x00000000f6200000)
  from space 73216K, 50% used [0x00000000fb180000,0x00000000fd5b08d8,0x00000000ff900000)
  to   space 77312K, 0% used [0x00000000f6200000,0x00000000f6200000,0x00000000fad80000)
 ParOldGen       total 360960K, used 209065K [0x00000000a0000000, 0x00000000b6080000, 0x00000000e0000000)
  object space 360960K, 57% used [0x00000000a0000000,0x00000000acc2a540,0x00000000b6080000)
 Metaspace       used 90673K, capacity 99430K, committed 99584K, reserved 1136640K
  class space    used 11189K, capacity 12446K, committed 12544K, reserved 1048576K
}
Event: 22748.272 GC heap before
{Heap before GC invocations=122 (full 7):
 PSYoungGen      total 435712K, used 394295K [0x00000000e0000000, 0x00000000ff900000, 0x0000000100000000)
  eden space 362496K, 98% used [0x00000000e0000000,0x00000000f5cdd708,0x00000000f6200000)
  from space 73216K, 50% used [0x00000000fb180000,0x00000000fd5b08d8,0x00000000ff900000)
  to   space 77312K, 0% used [0x00000000f6200000,0x00000000f6200000,0x00000000fad80000)
 ParOldGen       total 360960K, used 209065K [0x00000000a0000000, 0x00000000b6080000, 0x00000000e0000000)
  object space 360960K, 57% used [0x00000000a0000000,0x00000000acc2a540,0x00000000b6080000)
 Metaspace       used 90673K, capacity 99430K, committed 99584K, reserved 1136640K
  class space    used 11189K, capacity 12446K, committed 12544K, reserved 1048576K
Event: 22748.324 GC heap after
Heap after GC invocations=122 (full 7):
 PSYoungGen      total 439808K, used 50066K [0x00000000e0000000, 0x0000000100000000, 0x0000000100000000)
  eden space 362496K, 0% used [0x00000000e0000000,0x00000000e0000000,0x00000000f6200000)
  from space 77312K, 64% used [0x00000000f6200000,0x00000000f92e4840,0x00000000fad80000)
  to   space 79872K, 0% used [0x00000000fb200000,0x00000000fb200000,0x0000000100000000)
 ParOldGen       total 360960K, used 216792K [0x00000000a0000000, 0x00000000b6080000, 0x00000000e0000000)
  object space 360960K, 60% used [0x00000000a0000000,0x00000000ad3b6130,0x00000000b6080000)
 Metaspace       used 90673K, capacity 99430K, committed 99584K, reserved 1136640K
  class space    used 11189K, capacity 12446K, committed 12544K, reserved 1048576K
}

